<?xml version="1.0" encoding="UTF-8"?>
<robot generator="Robot 4.1.1 (Python 3.6.9 on linux)" generated="20211215 02:55:05.087" rpa="false" schemaversion="2">
<suite id="s1" name="Suite" source="/home/rafael.damas/Área de Trabalho/robotframework-study/suite.robot">
<test id="s1-t1" name="Ver meu saldo">
<kw name="Open Application" library="AppiumLibrary">
<arg>http://localhost:4723/wd/hub</arg>
<arg>automationName=UiAutomator2</arg>
<arg>platformName=Android</arg>
<arg>deviceName=Android Emulator</arg>
<arg>appActivity=.MainActivity</arg>
<arg>udid=emulator-5554</arg>
<doc>Opens a new application to given Appium server.
Capabilities of appium server, Android and iOS,
Please check https://github.com/appium/appium/blob/master/docs/en/writing-running-appium/server-args.md
| *Option*            | *Man.* | *Description*     |
| remote_url          | Yes    | Appium server url |
| alias               | no     | alias             |</doc>
<status status="PASS" starttime="20211215 02:55:05.191" endtime="20211215 02:55:08.936"/>
</kw>
<kw name="Wait Until Element Is Visible" library="AppiumLibrary">
<arg>accessibility_id=card-hero</arg>
<arg>10</arg>
<doc>Waits until element specified with `locator` is visible.</doc>
<status status="PASS" starttime="20211215 02:55:08.936" endtime="20211215 02:55:08.980"/>
</kw>
<kw name="Click Element" library="AppiumLibrary">
<arg>accessibility_id=show-balance</arg>
<doc>Click element identified by `locator`.</doc>
<msg timestamp="20211215 02:55:08.981" level="INFO">Clicking element 'accessibility_id=show-balance'.</msg>
<status status="PASS" starttime="20211215 02:55:08.980" endtime="20211215 02:55:09.030"/>
</kw>
<kw name="Wait Until Element Is Visible" library="AppiumLibrary">
<arg>accessibility_id=user-balance</arg>
<arg>10</arg>
<doc>Waits until element specified with `locator` is visible.</doc>
<status status="PASS" starttime="20211215 02:55:09.031" endtime="20211215 02:55:09.676"/>
</kw>
<kw name="Element Text Should Be" library="AppiumLibrary">
<arg>accessibility_id=user-balance</arg>
<arg>R$ 5.500,00</arg>
<doc>Verifies element identified by ``locator`` exactly contains text ``expected``.</doc>
<msg timestamp="20211215 02:55:09.683" level="INFO">Verifying element 'accessibility_id=user-balance' contains exactly text 'R$ 5.500,00'.</msg>
<status status="PASS" starttime="20211215 02:55:09.677" endtime="20211215 02:55:09.741"/>
</kw>
<kw name="Capture Page Screenshot" library="AppiumLibrary">
<doc>Takes a screenshot of the current page and embeds it into the log.</doc>
<msg timestamp="20211215 02:55:09.941" level="INFO" html="true">&lt;/td&gt;&lt;/tr&gt;&lt;tr&gt;&lt;td colspan="3"&gt;&lt;a href="appium-screenshot-1.png"&gt;&lt;img src="appium-screenshot-1.png" width="800px"&gt;&lt;/a&gt;</msg>
<status status="PASS" starttime="20211215 02:55:09.741" endtime="20211215 02:55:09.941"/>
</kw>
<kw name="Close Application" library="AppiumLibrary">
<doc>Closes the current application and also close webdriver session.</doc>
<status status="PASS" starttime="20211215 02:55:09.941" endtime="20211215 02:55:10.024"/>
</kw>
<status status="PASS" starttime="20211215 02:55:05.191" endtime="20211215 02:55:10.024"/>
</test>
<status status="PASS" starttime="20211215 02:55:05.088" endtime="20211215 02:55:10.025"/>
</suite>
<statistics>
<total>
<stat pass="1" fail="0" skip="0">All Tests</stat>
</total>
<tag>
</tag>
<suite>
<stat pass="1" fail="0" skip="0" id="s1" name="Suite">Suite</stat>
</suite>
</statistics>
<errors>
</errors>
</robot>
